[2022-06-27 11:02:14] [ DEBUG] [ProyectoU2KtApplication:22] LOG DEBUG 
[2022-06-27 11:02:14] [ INFO ] [ProyectoU2KtApplication:23] LOG INFO 
[2022-06-27 11:02:14] [ WARN ] [ProyectoU2KtApplication:24] LOG WARN 
[2022-06-27 11:02:14] [ ERROR] [ProyectoU2KtApplication:25] LOG ERROR 
[2022-06-27 11:02:14] [ FATAL] [ProyectoU2KtApplication:26] LOG FATAL 
[2022-06-27 11:03:33] [ DEBUG] [ProyectoU2KtApplication:22] LOG DEBUG 
[2022-06-27 11:03:33] [ INFO ] [ProyectoU2KtApplication:23] LOG INFO 
[2022-06-27 11:03:33] [ WARN ] [ProyectoU2KtApplication:24] LOG WARN 
[2022-06-27 11:03:33] [ ERROR] [ProyectoU2KtApplication:25] LOG ERROR 
[2022-06-27 11:03:33] [ FATAL] [ProyectoU2KtApplication:26] LOG FATAL 
[2022-06-27 11:11:08] [ DEBUG] [ProyectoU2KtApplication:24] LOG DEBUG 
[2022-06-27 11:11:08] [ INFO ] [ProyectoU2KtApplication:25] LOG INFO 
[2022-06-27 11:11:08] [ WARN ] [ProyectoU2KtApplication:26] LOG WARN 
[2022-06-27 11:11:08] [ ERROR] [ProyectoU2KtApplication:27] LOG ERROR 
[2022-06-27 11:11:08] [ FATAL] [ProyectoU2KtApplication:28] LOG FATAL 
[2022-06-27 11:11:52] [ INFO ] [ProyectoU2KtApplication:25] LOG INFO 
[2022-06-27 11:11:52] [ WARN ] [ProyectoU2KtApplication:26] LOG WARN 
[2022-06-27 11:11:52] [ ERROR] [ProyectoU2KtApplication:27] LOG ERROR 
[2022-06-27 11:11:52] [ FATAL] [ProyectoU2KtApplication:28] LOG FATAL 
[2022-06-27 11:11:53] [ INFO ] [ProyectoU2KtApplication:25] LOG INFO 
[2022-06-27 11:11:53] [ WARN ] [ProyectoU2KtApplication:26] LOG WARN 
[2022-06-27 11:11:53] [ ERROR] [ProyectoU2KtApplication:27] LOG ERROR 
[2022-06-27 11:11:53] [ FATAL] [ProyectoU2KtApplication:28] LOG FATAL 
[2022-06-27 11:12:31] [ INFO ] [ProyectoU2KtApplication:25] LOG INFO 
[2022-06-27 11:12:31] [ WARN ] [ProyectoU2KtApplication:26] LOG WARN 
[2022-06-27 11:12:31] [ ERROR] [ProyectoU2KtApplication:27] LOG ERROR 
[2022-06-27 11:12:31] [ FATAL] [ProyectoU2KtApplication:28] LOG FATAL 
